[2024-12-19T11:51:11.950+0900] {taskinstance.py:1157} INFO - Dependencies all met for dep_context=non-requeueable deps ti=<TaskInstance: dag_crawling_to_db.link_crawl manual__2024-12-19T01:26:08+00:00 [queued]>
[2024-12-19T11:51:11.958+0900] {taskinstance.py:1157} INFO - Dependencies all met for dep_context=requeueable deps ti=<TaskInstance: dag_crawling_to_db.link_crawl manual__2024-12-19T01:26:08+00:00 [queued]>
[2024-12-19T11:51:11.958+0900] {taskinstance.py:1359} INFO - Starting attempt 3 of 3
[2024-12-19T11:51:11.972+0900] {taskinstance.py:1380} INFO - Executing <Task(PythonOperator): link_crawl> on 2024-12-19 01:26:08+00:00
[2024-12-19T11:51:11.976+0900] {standard_task_runner.py:57} INFO - Started process 4192 to run task
[2024-12-19T11:51:11.979+0900] {standard_task_runner.py:84} INFO - Running: ['***', 'tasks', 'run', 'dag_crawling_to_db', 'link_crawl', 'manual__2024-12-19T01:26:08+00:00', '--job-id', '5', '--raw', '--subdir', 'DAGS_FOLDER/dag_crawling_to_db.py', '--cfg-path', '/tmp/tmp6bbiu22t']
[2024-12-19T11:51:11.983+0900] {standard_task_runner.py:85} INFO - Job 5: Subtask link_crawl
[2024-12-19T11:51:12.023+0900] {task_command.py:415} INFO - Running <TaskInstance: dag_crawling_to_db.link_crawl manual__2024-12-19T01:26:08+00:00 [running]> on host cc3dd9b0c2e4
[2024-12-19T11:51:12.095+0900] {taskinstance.py:1660} INFO - Exporting env vars: AIRFLOW_CTX_DAG_OWNER='***' AIRFLOW_CTX_DAG_ID='dag_crawling_to_db' AIRFLOW_CTX_TASK_ID='link_crawl' AIRFLOW_CTX_EXECUTION_DATE='2024-12-19T01:26:08+00:00' AIRFLOW_CTX_TRY_NUMBER='3' AIRFLOW_CTX_DAG_RUN_ID='manual__2024-12-19T01:26:08+00:00'
[2024-12-19T11:51:12.098+0900] {logging_mixin.py:151} INFO - 인크루트 시작 시간: 2024-12-19 11:51:12
[2024-12-19T11:51:12.737+0900] {logger.py:11} INFO - ====== WebDriver manager ======
[2024-12-19T11:51:12.793+0900] {logger.py:11} INFO - Get LATEST chromedriver version for google-chrome
[2024-12-19T11:51:12.866+0900] {logger.py:11} INFO - Get LATEST chromedriver version for google-chrome
[2024-12-19T11:51:12.937+0900] {logger.py:11} INFO - Driver [/home/***/.wdm/drivers/chromedriver/linux64/131.0.6778.204/chromedriver-linux64/chromedriver] found in cache
[2024-12-19T11:51:13.239+0900] {taskinstance.py:1935} ERROR - Task failed with exception
Traceback (most recent call last):
  File "/home/airflow/.local/lib/python3.10/site-packages/airflow/operators/python.py", line 192, in execute
    return_value = self.execute_callable()
  File "/home/airflow/.local/lib/python3.10/site-packages/airflow/operators/python.py", line 209, in execute_callable
    return self.python_callable(*self.op_args, **self.op_kwargs)
  File "/code/plugins/post_crawling.py", line 1910, in main
    print(f"점핏 종료 시간: {datetime.now().strftime('%Y-%m-%d %H:%M:%S')}")
  File "/code/plugins/post_crawling.py", line 145, in incruit_crawling
    urls_to_crawl = list(links_with_ddays.keys())
  File "/home/airflow/.local/lib/python3.10/site-packages/selenium/webdriver/chrome/webdriver.py", line 45, in __init__
    super().__init__(
  File "/home/airflow/.local/lib/python3.10/site-packages/selenium/webdriver/chromium/webdriver.py", line 66, in __init__
    super().__init__(command_executor=executor, options=options)
  File "/home/airflow/.local/lib/python3.10/site-packages/selenium/webdriver/remote/webdriver.py", line 241, in __init__
    self.start_session(capabilities)
  File "/home/airflow/.local/lib/python3.10/site-packages/selenium/webdriver/remote/webdriver.py", line 329, in start_session
    response = self.execute(Command.NEW_SESSION, caps)["value"]
  File "/home/airflow/.local/lib/python3.10/site-packages/selenium/webdriver/remote/webdriver.py", line 384, in execute
    self.error_handler.check_response(response)
  File "/home/airflow/.local/lib/python3.10/site-packages/selenium/webdriver/remote/errorhandler.py", line 232, in check_response
    raise exception_class(message, screen, stacktrace)
selenium.common.exceptions.SessionNotCreatedException: Message: session not created: Chrome failed to start: exited normally.
  (session not created: DevToolsActivePort file doesn't exist)
  (The process started from chrome location /opt/google/chrome/chrome is no longer running, so ChromeDriver is assuming that Chrome has crashed.)
Stacktrace:
#0 0x56135cd8a8fa <unknown>
#1 0x56135c89bd20 <unknown>
#2 0x56135c8d3438 <unknown>
#3 0x56135c8cef96 <unknown>
#4 0x56135c91ad86 <unknown>
#5 0x56135c91a3d6 <unknown>
#6 0x56135c90e893 <unknown>
#7 0x56135c8dd30d <unknown>
#8 0x56135c8de32e <unknown>
#9 0x56135cd5700b <unknown>
#10 0x56135cd5af97 <unknown>
#11 0x56135cd4371c <unknown>
#12 0x56135cd5bb17 <unknown>
#13 0x56135cd286cf <unknown>
#14 0x56135cd796b8 <unknown>
#15 0x56135cd79880 <unknown>
#16 0x56135cd89776 <unknown>
#17 0x7f54209ceea7 start_thread

[2024-12-19T11:51:13.251+0900] {taskinstance.py:1398} INFO - Marking task as FAILED. dag_id=dag_crawling_to_db, task_id=link_crawl, execution_date=20241219T012608, start_date=20241219T025111, end_date=20241219T025113
[2024-12-19T11:51:13.264+0900] {standard_task_runner.py:104} ERROR - Failed to execute job 5 for task link_crawl (Message: session not created: Chrome failed to start: exited normally.
  (session not created: DevToolsActivePort file doesn't exist)
  (The process started from chrome location /opt/google/chrome/chrome is no longer running, so ChromeDriver is assuming that Chrome has crashed.)
Stacktrace:
#0 0x56135cd8a8fa <unknown>
#1 0x56135c89bd20 <unknown>
#2 0x56135c8d3438 <unknown>
#3 0x56135c8cef96 <unknown>
#4 0x56135c91ad86 <unknown>
#5 0x56135c91a3d6 <unknown>
#6 0x56135c90e893 <unknown>
#7 0x56135c8dd30d <unknown>
#8 0x56135c8de32e <unknown>
#9 0x56135cd5700b <unknown>
#10 0x56135cd5af97 <unknown>
#11 0x56135cd4371c <unknown>
#12 0x56135cd5bb17 <unknown>
#13 0x56135cd286cf <unknown>
#14 0x56135cd796b8 <unknown>
#15 0x56135cd79880 <unknown>
#16 0x56135cd89776 <unknown>
#17 0x7f54209ceea7 start_thread
; 4192)
[2024-12-19T11:51:13.271+0900] {local_task_job_runner.py:228} INFO - Task exited with return code 1
[2024-12-19T11:51:13.292+0900] {taskinstance.py:2776} INFO - 0 downstream tasks scheduled from follow-on schedule check
