[2024-12-19T16:33:36.114+0900] {taskinstance.py:1157} INFO - Dependencies all met for dep_context=non-requeueable deps ti=<TaskInstance: dag_crawling_to_db.post_crawl manual__2024-12-19T07:31:22+00:00 [queued]>
[2024-12-19T16:33:36.126+0900] {taskinstance.py:1157} INFO - Dependencies all met for dep_context=requeueable deps ti=<TaskInstance: dag_crawling_to_db.post_crawl manual__2024-12-19T07:31:22+00:00 [queued]>
[2024-12-19T16:33:36.126+0900] {taskinstance.py:1359} INFO - Starting attempt 2 of 2
[2024-12-19T16:33:36.140+0900] {taskinstance.py:1380} INFO - Executing <Task(PythonOperator): post_crawl> on 2024-12-19 07:31:22+00:00
[2024-12-19T16:33:36.145+0900] {standard_task_runner.py:57} INFO - Started process 591 to run task
[2024-12-19T16:33:36.147+0900] {standard_task_runner.py:84} INFO - Running: ['***', 'tasks', 'run', 'dag_crawling_to_db', 'post_crawl', 'manual__2024-12-19T07:31:22+00:00', '--job-id', '5', '--raw', '--subdir', 'DAGS_FOLDER/dag_crawling_to_db.py', '--cfg-path', '/tmp/tmprg764plr']
[2024-12-19T16:33:36.151+0900] {standard_task_runner.py:85} INFO - Job 5: Subtask post_crawl
[2024-12-19T16:33:36.206+0900] {task_command.py:415} INFO - Running <TaskInstance: dag_crawling_to_db.post_crawl manual__2024-12-19T07:31:22+00:00 [running]> on host a9ed85e14fa9
[2024-12-19T16:33:36.280+0900] {taskinstance.py:1660} INFO - Exporting env vars: AIRFLOW_CTX_DAG_OWNER='***' AIRFLOW_CTX_DAG_ID='dag_crawling_to_db' AIRFLOW_CTX_TASK_ID='post_crawl' AIRFLOW_CTX_EXECUTION_DATE='2024-12-19T07:31:22+00:00' AIRFLOW_CTX_TRY_NUMBER='2' AIRFLOW_CTX_DAG_RUN_ID='manual__2024-12-19T07:31:22+00:00'
[2024-12-19T16:33:36.281+0900] {logging_mixin.py:151} INFO - 점핏 시작 시간: 2024-12-19 16:33:36
[2024-12-19T16:33:36.281+0900] {logging_mixin.py:151} INFO - 점핏 종료 시간: 2024-12-19 16:33:36
[2024-12-19T16:33:46.289+0900] {logging_mixin.py:151} INFO - 원티드 시작 시간: 2024-12-19 16:33:46
[2024-12-19T16:33:46.306+0900] {credentials.py:1254} INFO - Found credentials in shared credentials file: /code/.aws/credentials
[2024-12-19T16:33:46.652+0900] {logger.py:11} INFO - ====== WebDriver manager ======
[2024-12-19T16:33:46.732+0900] {logger.py:11} INFO - Get LATEST chromedriver version for google-chrome
[2024-12-19T16:33:46.805+0900] {logger.py:11} INFO - Get LATEST chromedriver version for google-chrome
[2024-12-19T16:33:46.875+0900] {logger.py:11} INFO - Driver [/home/***/.wdm/drivers/chromedriver/linux64/131.0.6778.204/chromedriver-linux64/chromedriver] found in cache
[2024-12-19T16:33:47.155+0900] {logging_mixin.py:151} INFO - 원티드 종료 시간: 2024-12-19 16:33:47
[2024-12-19T16:33:47.156+0900] {logging_mixin.py:151} INFO - 인크루트 시작 시간: 2024-12-19 16:33:47
[2024-12-19T16:33:47.876+0900] {logger.py:11} INFO - ====== WebDriver manager ======
[2024-12-19T16:33:47.945+0900] {logger.py:11} INFO - Get LATEST chromedriver version for google-chrome
[2024-12-19T16:33:48.014+0900] {logger.py:11} INFO - Get LATEST chromedriver version for google-chrome
[2024-12-19T16:33:48.086+0900] {logger.py:11} INFO - Driver [/home/***/.wdm/drivers/chromedriver/linux64/131.0.6778.204/chromedriver-linux64/chromedriver] found in cache
[2024-12-19T16:33:48.573+0900] {logging_mixin.py:151} INFO - 인크루트 종료 시간: 2024-12-19 16:33:48
[2024-12-19T16:33:58.579+0900] {logging_mixin.py:151} INFO - 로켓펀치 시작 시간: 2024-12-19 16:33:58
[2024-12-19T16:33:58.676+0900] {logger.py:11} INFO - ====== WebDriver manager ======
[2024-12-19T16:33:58.744+0900] {logger.py:11} INFO - Get LATEST chromedriver version for google-chrome
[2024-12-19T16:33:58.822+0900] {logger.py:11} INFO - Get LATEST chromedriver version for google-chrome
[2024-12-19T16:33:58.912+0900] {logger.py:11} INFO - Driver [/home/***/.wdm/drivers/chromedriver/linux64/131.0.6778.204/chromedriver-linux64/chromedriver] found in cache
[2024-12-19T16:33:59.182+0900] {logging_mixin.py:151} INFO - 로켓펀치 종료 시간: 2024-12-19 16:33:59
[2024-12-19T16:34:09.189+0900] {logging_mixin.py:151} INFO - 잡코리아 시작 시간: 2024-12-19 16:34:09
[2024-12-19T16:34:09.247+0900] {taskinstance.py:1935} ERROR - Task failed with exception
Traceback (most recent call last):
  File "/home/airflow/.local/lib/python3.10/site-packages/airflow/operators/python.py", line 192, in execute
    return_value = self.execute_callable()
  File "/home/airflow/.local/lib/python3.10/site-packages/airflow/operators/python.py", line 209, in execute_callable
    return self.python_callable(*self.op_args, **self.op_kwargs)
  File "/code/plugins/post_crawling.py", line 1942, in post_main
    jobkorea_crawling()
  File "/code/plugins/post_crawling.py", line 1148, in jobkorea_crawling
    db = pymysql.connect(
TypeError: Connection.__init__() got an unexpected keyword argument 'post'
[2024-12-19T16:34:09.256+0900] {taskinstance.py:1398} INFO - Marking task as FAILED. dag_id=dag_crawling_to_db, task_id=post_crawl, execution_date=20241219T073122, start_date=20241219T073336, end_date=20241219T073409
[2024-12-19T16:34:09.270+0900] {standard_task_runner.py:104} ERROR - Failed to execute job 5 for task post_crawl (Connection.__init__() got an unexpected keyword argument 'post'; 591)
[2024-12-19T16:34:09.301+0900] {local_task_job_runner.py:228} INFO - Task exited with return code 1
[2024-12-19T16:34:09.334+0900] {taskinstance.py:2776} INFO - 0 downstream tasks scheduled from follow-on schedule check
