[2024-12-19T16:22:27.140+0900] {taskinstance.py:1157} INFO - Dependencies all met for dep_context=non-requeueable deps ti=<TaskInstance: dag_crawling_to_db.post_crawl manual__2024-12-19T07:20:48+00:00 [queued]>
[2024-12-19T16:22:27.148+0900] {taskinstance.py:1157} INFO - Dependencies all met for dep_context=requeueable deps ti=<TaskInstance: dag_crawling_to_db.post_crawl manual__2024-12-19T07:20:48+00:00 [queued]>
[2024-12-19T16:22:27.148+0900] {taskinstance.py:1359} INFO - Starting attempt 1 of 2
[2024-12-19T16:22:27.160+0900] {taskinstance.py:1380} INFO - Executing <Task(PythonOperator): post_crawl> on 2024-12-19 07:20:48+00:00
[2024-12-19T16:22:27.165+0900] {standard_task_runner.py:57} INFO - Started process 260 to run task
[2024-12-19T16:22:27.168+0900] {standard_task_runner.py:84} INFO - Running: ['***', 'tasks', 'run', 'dag_crawling_to_db', 'post_crawl', 'manual__2024-12-19T07:20:48+00:00', '--job-id', '4', '--raw', '--subdir', 'DAGS_FOLDER/dag_crawling_to_db.py', '--cfg-path', '/tmp/tmpqs4115se']
[2024-12-19T16:22:27.170+0900] {standard_task_runner.py:85} INFO - Job 4: Subtask post_crawl
[2024-12-19T16:22:27.209+0900] {task_command.py:415} INFO - Running <TaskInstance: dag_crawling_to_db.post_crawl manual__2024-12-19T07:20:48+00:00 [running]> on host 5bab160105e7
[2024-12-19T16:22:27.276+0900] {taskinstance.py:1660} INFO - Exporting env vars: AIRFLOW_CTX_DAG_OWNER='***' AIRFLOW_CTX_DAG_ID='dag_crawling_to_db' AIRFLOW_CTX_TASK_ID='post_crawl' AIRFLOW_CTX_EXECUTION_DATE='2024-12-19T07:20:48+00:00' AIRFLOW_CTX_TRY_NUMBER='1' AIRFLOW_CTX_DAG_RUN_ID='manual__2024-12-19T07:20:48+00:00'
[2024-12-19T16:22:27.277+0900] {logging_mixin.py:151} INFO - 점핏 시작 시간: 2024-12-19 16:22:27
[2024-12-19T16:22:27.277+0900] {logging_mixin.py:151} INFO - 점핏 종료 시간: 2024-12-19 16:22:27
[2024-12-19T16:22:37.280+0900] {logging_mixin.py:151} INFO - 원티드 시작 시간: 2024-12-19 16:22:37
[2024-12-19T16:22:37.423+0900] {logger.py:11} INFO - ====== WebDriver manager ======
[2024-12-19T16:22:37.554+0900] {logger.py:11} INFO - Get LATEST chromedriver version for google-chrome
[2024-12-19T16:22:37.636+0900] {logger.py:11} INFO - Get LATEST chromedriver version for google-chrome
[2024-12-19T16:22:37.707+0900] {logger.py:11} INFO - Driver [/home/***/.wdm/drivers/chromedriver/linux64/131.0.6778.204/chromedriver-linux64/chromedriver] found in cache
[2024-12-19T16:22:37.950+0900] {taskinstance.py:1935} ERROR - Task failed with exception
Traceback (most recent call last):
  File "/home/airflow/.local/lib/python3.10/site-packages/airflow/operators/python.py", line 192, in execute
    return_value = self.execute_callable()
  File "/home/airflow/.local/lib/python3.10/site-packages/airflow/operators/python.py", line 209, in execute_callable
    return self.python_callable(*self.op_args, **self.op_kwargs)
  File "/code/plugins/post_crawling.py", line 1920, in post_main
    wanted_crawling()
  File "/code/plugins/post_crawling.py", line 279, in wanted_crawling
    driver = webdriver.Chrome(service=Service(ChromeDriverManager().install()))
  File "/home/airflow/.local/lib/python3.10/site-packages/selenium/webdriver/chrome/webdriver.py", line 45, in __init__
    super().__init__(
  File "/home/airflow/.local/lib/python3.10/site-packages/selenium/webdriver/chromium/webdriver.py", line 66, in __init__
    super().__init__(command_executor=executor, options=options)
  File "/home/airflow/.local/lib/python3.10/site-packages/selenium/webdriver/remote/webdriver.py", line 241, in __init__
    self.start_session(capabilities)
  File "/home/airflow/.local/lib/python3.10/site-packages/selenium/webdriver/remote/webdriver.py", line 329, in start_session
    response = self.execute(Command.NEW_SESSION, caps)["value"]
  File "/home/airflow/.local/lib/python3.10/site-packages/selenium/webdriver/remote/webdriver.py", line 384, in execute
    self.error_handler.check_response(response)
  File "/home/airflow/.local/lib/python3.10/site-packages/selenium/webdriver/remote/errorhandler.py", line 232, in check_response
    raise exception_class(message, screen, stacktrace)
selenium.common.exceptions.SessionNotCreatedException: Message: session not created: Chrome failed to start: exited normally.
  (session not created: DevToolsActivePort file doesn't exist)
  (The process started from chrome location /opt/google/chrome/chrome is no longer running, so ChromeDriver is assuming that Chrome has crashed.)
Stacktrace:
#0 0x55a34e3eb8fa <unknown>
#1 0x55a34defcd20 <unknown>
#2 0x55a34df34438 <unknown>
#3 0x55a34df2ff96 <unknown>
#4 0x55a34df7bd86 <unknown>
#5 0x55a34df7b3d6 <unknown>
#6 0x55a34df6f893 <unknown>
#7 0x55a34df3e30d <unknown>
#8 0x55a34df3f32e <unknown>
#9 0x55a34e3b800b <unknown>
#10 0x55a34e3bbf97 <unknown>
#11 0x55a34e3a471c <unknown>
#12 0x55a34e3bcb17 <unknown>
#13 0x55a34e3896cf <unknown>
#14 0x55a34e3da6b8 <unknown>
#15 0x55a34e3da880 <unknown>
#16 0x55a34e3ea776 <unknown>
#17 0x7f039927fea7 start_thread

[2024-12-19T16:22:37.958+0900] {taskinstance.py:1398} INFO - Marking task as UP_FOR_RETRY. dag_id=dag_crawling_to_db, task_id=post_crawl, execution_date=20241219T072048, start_date=20241219T072227, end_date=20241219T072237
[2024-12-19T16:22:37.971+0900] {standard_task_runner.py:104} ERROR - Failed to execute job 4 for task post_crawl (Message: session not created: Chrome failed to start: exited normally.
  (session not created: DevToolsActivePort file doesn't exist)
  (The process started from chrome location /opt/google/chrome/chrome is no longer running, so ChromeDriver is assuming that Chrome has crashed.)
Stacktrace:
#0 0x55a34e3eb8fa <unknown>
#1 0x55a34defcd20 <unknown>
#2 0x55a34df34438 <unknown>
#3 0x55a34df2ff96 <unknown>
#4 0x55a34df7bd86 <unknown>
#5 0x55a34df7b3d6 <unknown>
#6 0x55a34df6f893 <unknown>
#7 0x55a34df3e30d <unknown>
#8 0x55a34df3f32e <unknown>
#9 0x55a34e3b800b <unknown>
#10 0x55a34e3bbf97 <unknown>
#11 0x55a34e3a471c <unknown>
#12 0x55a34e3bcb17 <unknown>
#13 0x55a34e3896cf <unknown>
#14 0x55a34e3da6b8 <unknown>
#15 0x55a34e3da880 <unknown>
#16 0x55a34e3ea776 <unknown>
#17 0x7f039927fea7 start_thread
; 260)
[2024-12-19T16:22:37.984+0900] {local_task_job_runner.py:228} INFO - Task exited with return code 1
[2024-12-19T16:22:38.001+0900] {taskinstance.py:2776} INFO - 0 downstream tasks scheduled from follow-on schedule check
